This is pdfTeX, Version 3.141592653-2.6-1.40.22 (TeX Live 2022/dev/Debian) (preloaded format=pdflatex 2024.4.7)  7 APR 2024 16:24
entering extended mode
 restricted \write18 enabled.
 %&-line parsing enabled.
**PCAM_dissertacao.tex
(./PCAM_dissertacao.tex
LaTeX2e <2021-11-15> patch level 1
L3 programming layer <2022-01-21>

! LaTeX Error: File `abntex2.cls' not found.

Type X to quit or <RETURN> to proceed,
or enter new name. (Default extension: cls)

Enter file name: 
! Emergency stop.
<read *> 
         
l.21 	^^M
         
*** (cannot \read from terminal in nonstop modes)

 
Here is how much of TeX's memory you used:
 24 strings out of 480204
 527 string characters out of 5895011
 284111 words of memory out of 5000000
 18073 multiletter control sequences out of 15000+600000
 469259 words of font info for 28 fonts, out of 8000000 for 9000
 36 hyphenation exceptions out of 8191
 19i,0n,29p,113b,17s stack positions out of 5000i,500n,10000p,200000b,80000s
!  ==> Fatal error occurred, no output PDF file produced!
